2024-02-05 10:04:28,847 - db.cnnxn - INFO - 2 failed attempts. Retrying in 2 seconds.
2024-02-05 10:04:30,849 - db.cnnxn - INFO - 2 failed attempts. Retrying in 2 seconds.
2024-02-05 10:04:34,854 - db.cnnxn - INFO - Failed to connect to the database after 3 attempts. Exiting with error: 1049 (42000): Unknown database 'netfliximdb'
2024-02-05 10:08:53,111 - db.cnnxn - INFO - 2 failed attempts. Retrying in 2 seconds.
2024-02-05 10:08:55,119 - db.cnnxn - INFO - 2 failed attempts. Retrying in 2 seconds.
2024-02-05 10:08:59,129 - db.cnnxn - INFO - Failed to connect to the database after 3 attempts. Exiting with error: 1049 (42000): Unknown database 'netfliximdb'
2024-02-05 10:10:09,628 - db.cnnxn - INFO - 2 failed attempts. Retrying in 2 seconds.
2024-02-05 10:10:11,645 - db.cnnxn - INFO - 2 failed attempts. Retrying in 2 seconds.
2024-02-05 10:10:15,647 - db.cnnxn - INFO - Failed to connect to the database after 3 attempts. Exiting with error: 1049 (42000): Unknown database 'netfliximdb'
2024-02-05 10:12:11,287 - db.cnnxn - INFO - 2 failed attempts. Retrying in 2 seconds.
2024-02-05 10:12:13,294 - db.cnnxn - INFO - 2 failed attempts. Retrying in 2 seconds.
2024-02-05 10:12:17,305 - db.cnnxn - INFO - Failed to connect to the database after 3 attempts. Exiting with error: 1049 (42000): Unknown database 'netfliximdb'
2024-02-05 10:20:19,463 - db.cnnxn - INFO - 2 failed attempts. Retrying in 2 seconds.
2024-02-05 10:20:21,479 - db.cnnxn - INFO - 2 failed attempts. Retrying in 2 seconds.
2024-02-05 10:20:25,485 - db.cnnxn - INFO - Failed to connect to the database after 3 attempts. Exiting with error: 1049 (42000): Unknown database 'netfliximdb'
2024-02-05 10:30:41,619 - db.cnnxn - INFO - 2 failed attempts. Retrying in 2 seconds.
2024-02-05 10:30:43,638 - db.cnnxn - INFO - 2 failed attempts. Retrying in 2 seconds.
2024-02-05 10:31:02,215 - db.cnnxn - INFO - 1 failed attempts. Retrying in 2 seconds.
2024-02-05 10:31:04,219 - db.cnnxn - INFO - 2 failed attempts. Retrying in 2 seconds.
2024-02-05 10:31:08,229 - db.cnnxn - INFO - Failed to connect to the database after 3 attempts. Exiting with error: 1049 (42000): Unknown database 'netfliximdb'
2024-02-05 10:44:27,563 - db.cnnxn - INFO - 1 failed attempts. Retrying in 2 seconds.
2024-02-05 10:44:29,570 - db.cnnxn - INFO - 2 failed attempts. Retrying in 2 seconds.
2024-02-05 10:44:33,573 - db.cnnxn - INFO - Failed to connect to the database after 3 attempts. Exiting with error: 1049 (42000): Unknown database 'netfliximdb'
2024-02-05 10:46:19,879 - db.cnnxn - INFO - 1 failed attempts. Retrying in 2 seconds.
2024-02-05 10:46:21,881 - db.cnnxn - INFO - 2 failed attempts. Retrying in 2 seconds.
2024-02-05 10:46:25,894 - db.cnnxn - INFO - Failed to connect to the database after 3 attempts. Exiting with error: 1049 (42000): Unknown database 'netfliximdb'
2024-02-05 10:48:01,440 - db.cnnxn - INFO - 1 failed attempts. Retrying in 2 seconds.
2024-02-05 10:48:03,447 - db.cnnxn - INFO - 2 failed attempts. Retrying in 2 seconds.
2024-02-05 10:48:07,453 - db.cnnxn - INFO - Failed to connect to the database after 3 attempts. Exiting with error: 1049 (42000): Unknown database 'netfliximdb'
2024-02-05 10:51:41,136 - db.cnnxn - INFO - 1 failed attempts. Retrying in 2 seconds.
2024-02-05 10:51:43,138 - db.cnnxn - INFO - 2 failed attempts. Retrying in 2 seconds.
2024-02-05 10:51:47,140 - db.cnnxn - INFO - Failed to connect to the database after 3 attempts. Exiting with error: 2005 (HY000): Unknown MySQL server host '127.0.0.1:3306' (11001)
2024-02-05 11:05:29,932 - db.cnnxn - INFO - 1 failed attempts. Retrying in 2 seconds.
2024-02-05 11:05:31,940 - db.cnnxn - INFO - 2 failed attempts. Retrying in 2 seconds.
2024-02-05 11:05:35,949 - db.cnnxn - INFO - Failed to connect to the database after 3 attempts. Exiting with error: 1045 (28000): Access denied for user 'root'@'localhost' (using password: YES)
2024-02-05 11:11:28,498 - db.cnnxn - INFO - 1 failed attempts. Retrying in 2 seconds.
2024-02-05 11:11:30,508 - db.cnnxn - INFO - 2 failed attempts. Retrying in 2 seconds.
2024-02-05 11:11:34,521 - db.cnnxn - INFO - Failed to connect to the database after 3 attempts. Exiting with error: 1045 (28000): Access denied for user 'root'@'localhost' (using password: YES)
2024-02-05 11:13:17,012 - db.cnnxn - INFO - 1 failed attempts. Retrying in 2 seconds.
2024-02-05 11:13:19,014 - db.cnnxn - INFO - 2 failed attempts. Retrying in 2 seconds.
2024-02-05 11:13:23,026 - db.cnnxn - INFO - Failed to connect to the database after 3 attempts. Exiting with error: 1045 (28000): Access denied for user 'root'@'localhost' (using password: YES)
2024-02-05 11:15:15,163 - db.cnnxn - INFO - 1 failed attempts. Retrying in 2 seconds.
2024-02-05 11:15:17,172 - db.cnnxn - INFO - 2 failed attempts. Retrying in 2 seconds.
2024-02-05 11:15:21,180 - db.cnnxn - INFO - Failed to connect to the database after 3 attempts. Exiting with error: 1049 (42000): Unknown database 'netfliximdb'
2024-02-05 11:24:27,326 - db.cnnxn - INFO - 1 failed attempts. Retrying in 2 seconds.
2024-02-05 11:24:32,014 - db.cnnxn - INFO - 2 failed attempts. Retrying in 2 seconds.
2024-02-05 11:24:38,694 - db.cnnxn - INFO - Failed to connect to the database after 3 attempts. Exiting with error: 2005 (HY000): Unknown MySQL server host 'MYSQL83' (11001)
